[2023-10-19 19:15:11,631] {taskinstance.py:1159} INFO - Dependencies all met for <TaskInstance: create_layers_in_snowflake.create_target_layer manual__2023-10-19T19:14:56.831519+00:00 [queued]>
[2023-10-19 19:15:11,647] {taskinstance.py:1159} INFO - Dependencies all met for <TaskInstance: create_layers_in_snowflake.create_target_layer manual__2023-10-19T19:14:56.831519+00:00 [queued]>
[2023-10-19 19:15:11,648] {taskinstance.py:1356} INFO - 
--------------------------------------------------------------------------------
[2023-10-19 19:15:11,649] {taskinstance.py:1357} INFO - Starting attempt 1 of 1
[2023-10-19 19:15:11,650] {taskinstance.py:1358} INFO - 
--------------------------------------------------------------------------------
[2023-10-19 19:15:11,667] {taskinstance.py:1377} INFO - Executing <Task(DockerOperator): create_target_layer> on 2023-10-19 19:14:56.831519+00:00
[2023-10-19 19:15:11,672] {standard_task_runner.py:52} INFO - Started process 108 to run task
[2023-10-19 19:15:11,675] {standard_task_runner.py:79} INFO - Running: ['***', 'tasks', 'run', 'create_layers_in_snowflake', 'create_target_layer', 'manual__2023-10-19T19:14:56.831519+00:00', '--job-id', '3', '--raw', '--subdir', 'DAGS_FOLDER/create_layers.py', '--cfg-path', '/tmp/tmp36h2vr9r', '--error-file', '/tmp/tmp81ixv7l5']
[2023-10-19 19:15:11,676] {standard_task_runner.py:80} INFO - Job 3: Subtask create_target_layer
[2023-10-19 19:15:11,754] {task_command.py:369} INFO - Running <TaskInstance: create_layers_in_snowflake.create_target_layer manual__2023-10-19T19:14:56.831519+00:00 [running]> on host 330f19248a97
[2023-10-19 19:15:11,835] {taskinstance.py:1571} INFO - Exporting the following env vars:
AIRFLOW_CTX_DAG_OWNER=***
AIRFLOW_CTX_DAG_ID=create_layers_in_snowflake
AIRFLOW_CTX_TASK_ID=create_target_layer
AIRFLOW_CTX_EXECUTION_DATE=2023-10-19T19:14:56.831519+00:00
AIRFLOW_CTX_TRY_NUMBER=1
AIRFLOW_CTX_DAG_RUN_ID=manual__2023-10-19T19:14:56.831519+00:00
[2023-10-19 19:15:11,865] {docker.py:247} INFO - Starting docker container from image custom_dbt_image
[2023-10-19 19:15:13,990] {docker.py:308} INFO - [0m19:15:13  Running with dbt=1.5.0
[2023-10-19 19:15:14,914] {docker.py:308} INFO - [0m19:15:14  Found 9 models, 0 tests, 0 snapshots, 0 analyses, 321 macros, 0 operations, 1 seed file, 0 sources, 0 exposures, 0 metrics, 0 groups
[2023-10-19 19:15:14,917] {docker.py:308} INFO - [0m19:15:14
[2023-10-19 19:15:16,619] {docker.py:308} INFO - [0m19:15:16  Concurrency: 1 threads (target='dev')
[2023-10-19 19:15:16,621] {docker.py:308} INFO - [0m19:15:16
[2023-10-19 19:15:16,629] {docker.py:308} INFO - [0m19:15:16  1 of 3 START sql view model DEV.tl_hosts ....................................... [RUN]
[2023-10-19 19:15:17,398] {docker.py:308} INFO - [0m19:15:17  1 of 3 OK created sql view model DEV.tl_hosts .................................. [[32mSUCCESS 1[0m in 0.76s]
[2023-10-19 19:15:17,405] {docker.py:308} INFO - [0m19:15:17  2 of 3 START sql view model DEV.tl_listings .................................... [RUN]
[2023-10-19 19:15:18,172] {docker.py:308} INFO - [0m19:15:18  2 of 3 OK created sql view model DEV.tl_listings ............................... [[32mSUCCESS 1[0m in 0.76s]
[2023-10-19 19:15:18,177] {docker.py:308} INFO - [0m19:15:18  3 of 3 START sql view model DEV.tl_reviews ..................................... [RUN]
[2023-10-19 19:15:18,816] {docker.py:308} INFO - [0m19:15:18  3 of 3 OK created sql view model DEV.tl_reviews ................................ [[32mSUCCESS 1[0m in 0.64s]
[2023-10-19 19:15:18,852] {docker.py:308} INFO - [0m19:15:18
[2023-10-19 19:15:18,853] {docker.py:308} INFO - [0m19:15:18  Finished running 3 view models in 0 hours 0 minutes and 3.93 seconds (3.93s).
[2023-10-19 19:15:18,934] {docker.py:308} INFO - [0m19:15:18
[2023-10-19 19:15:18,935] {docker.py:308} INFO - [0m19:15:18  [32mCompleted successfully[0m
[2023-10-19 19:15:18,936] {docker.py:308} INFO - [0m19:15:18
[2023-10-19 19:15:18,937] {docker.py:308} INFO - [0m19:15:18  Done. PASS=3 WARN=0 ERROR=0 SKIP=0 TOTAL=3
[2023-10-19 19:15:19,799] {taskinstance.py:1400} INFO - Marking task as SUCCESS. dag_id=create_layers_in_snowflake, task_id=create_target_layer, execution_date=20231019T191456, start_date=20231019T191511, end_date=20231019T191519
[2023-10-19 19:15:19,833] {local_task_job.py:156} INFO - Task exited with return code 0
[2023-10-19 19:15:19,880] {local_task_job.py:273} INFO - 1 downstream tasks scheduled from follow-on schedule check
