[2023-10-19 19:14:58,354] {taskinstance.py:1159} INFO - Dependencies all met for <TaskInstance: create_layers_in_snowflake.create_seeds manual__2023-10-19T19:14:56.831519+00:00 [queued]>
[2023-10-19 19:14:58,362] {taskinstance.py:1159} INFO - Dependencies all met for <TaskInstance: create_layers_in_snowflake.create_seeds manual__2023-10-19T19:14:56.831519+00:00 [queued]>
[2023-10-19 19:14:58,363] {taskinstance.py:1356} INFO - 
--------------------------------------------------------------------------------
[2023-10-19 19:14:58,365] {taskinstance.py:1357} INFO - Starting attempt 1 of 1
[2023-10-19 19:14:58,366] {taskinstance.py:1358} INFO - 
--------------------------------------------------------------------------------
[2023-10-19 19:14:58,380] {taskinstance.py:1377} INFO - Executing <Task(DockerOperator): create_seeds> on 2023-10-19 19:14:56.831519+00:00
[2023-10-19 19:14:58,384] {standard_task_runner.py:52} INFO - Started process 97 to run task
[2023-10-19 19:14:58,387] {standard_task_runner.py:79} INFO - Running: ['***', 'tasks', 'run', 'create_layers_in_snowflake', 'create_seeds', 'manual__2023-10-19T19:14:56.831519+00:00', '--job-id', '2', '--raw', '--subdir', 'DAGS_FOLDER/create_layers.py', '--cfg-path', '/tmp/tmpz10wktbu', '--error-file', '/tmp/tmpkmfzc1oi']
[2023-10-19 19:14:58,387] {standard_task_runner.py:80} INFO - Job 2: Subtask create_seeds
[2023-10-19 19:14:58,435] {task_command.py:369} INFO - Running <TaskInstance: create_layers_in_snowflake.create_seeds manual__2023-10-19T19:14:56.831519+00:00 [running]> on host 330f19248a97
[2023-10-19 19:14:58,504] {taskinstance.py:1571} INFO - Exporting the following env vars:
AIRFLOW_CTX_DAG_OWNER=***
AIRFLOW_CTX_DAG_ID=create_layers_in_snowflake
AIRFLOW_CTX_TASK_ID=create_seeds
AIRFLOW_CTX_EXECUTION_DATE=2023-10-19T19:14:56.831519+00:00
AIRFLOW_CTX_TRY_NUMBER=1
AIRFLOW_CTX_DAG_RUN_ID=manual__2023-10-19T19:14:56.831519+00:00
[2023-10-19 19:14:58,605] {docker.py:247} INFO - Starting docker container from image custom_dbt_image
[2023-10-19 19:15:01,907] {docker.py:308} INFO - [0m19:15:01  Running with dbt=1.5.0
[2023-10-19 19:15:03,379] {docker.py:308} INFO - [0m19:15:03  Found 9 models, 0 tests, 0 snapshots, 0 analyses, 321 macros, 0 operations, 1 seed file, 0 sources, 0 exposures, 0 metrics, 0 groups
[2023-10-19 19:15:03,382] {docker.py:308} INFO - [0m19:15:03
[2023-10-19 19:15:07,567] {docker.py:308} INFO - [0m19:15:07  Concurrency: 1 threads (target='dev')
[2023-10-19 19:15:07,570] {docker.py:308} INFO - [0m19:15:07
[2023-10-19 19:15:07,581] {docker.py:308} INFO - [0m19:15:07  1 of 1 START seed file DEV.full_moon_dates ..................................... [RUN]
[2023-10-19 19:15:09,771] {docker.py:308} INFO - [0m19:15:09  1 of 1 OK loaded seed file DEV.full_moon_dates ................................. [[32mINSERT 272[0m in 2.18s]
[2023-10-19 19:15:09,801] {docker.py:308} INFO - [0m19:15:09
[2023-10-19 19:15:09,803] {docker.py:308} INFO - [0m19:15:09  Finished running 1 seed in 0 hours 0 minutes and 6.42 seconds (6.42s).
[2023-10-19 19:15:09,856] {docker.py:308} INFO - [0m19:15:09
[2023-10-19 19:15:09,858] {docker.py:308} INFO - [0m19:15:09  [32mCompleted successfully[0m
[2023-10-19 19:15:09,859] {docker.py:308} INFO - [0m19:15:09
[2023-10-19 19:15:09,860] {docker.py:308} INFO - [0m19:15:09  Done. PASS=1 WARN=0 ERROR=0 SKIP=0 TOTAL=1
[2023-10-19 19:15:10,791] {taskinstance.py:1400} INFO - Marking task as SUCCESS. dag_id=create_layers_in_snowflake, task_id=create_seeds, execution_date=20231019T191456, start_date=20231019T191458, end_date=20231019T191510
[2023-10-19 19:15:10,833] {local_task_job.py:156} INFO - Task exited with return code 0
[2023-10-19 19:15:10,897] {local_task_job.py:273} INFO - 1 downstream tasks scheduled from follow-on schedule check
